<?xml version="1.0" standalone="yes"?>
<DocumentElement>
  <PendingTask>
    <temperature>17</temperature>
    <NDF1pos>1</NDF1pos>
    <NDF2pos>1</NDF2pos>
    <ExpTime>0.1</ExpTime>
    <Slit>0.1</Slit>
  </PendingTask>
  <PendingTask>
    <temperature>17</temperature>
    <NDF1pos>1</NDF1pos>
    <NDF2pos>2</NDF2pos>
    <ExpTime>0.1</ExpTime>
    <Slit>0.1</Slit>
  </PendingTask>
  <PendingTask>
    <temperature>17</temperature>
    <NDF1pos>1</NDF1pos>
    <NDF2pos>3</NDF2pos>
    <ExpTime>0.1</ExpTime>
    <Slit>0.1</Slit>
  </PendingTask>
  <PendingTask>
    <temperature>17</temperature>
    <NDF1pos>1</NDF1pos>
    <NDF2pos>4</NDF2pos>
    <ExpTime>0.1</ExpTime>
    <Slit>0.1</Slit>
  </PendingTask>
  <PendingTask>
    <temperature>17</temperature>
    <NDF1pos>1</NDF1pos>
    <NDF2pos>5</NDF2pos>
    <ExpTime>0.1</ExpTime>
    <Slit>0.1</Slit>
  </PendingTask>
  <PendingTask>
    <temperature>17</temperature>
    <NDF1pos>1</NDF1pos>
    <NDF2pos>6</NDF2pos>
    <ExpTime>0.1</ExpTime>
    <Slit>0.1</Slit>
  </PendingTask>
  <PendingTask>
    <temperature>50</temperature>
    <NDF1pos>1</NDF1pos>
    <NDF2pos>1</NDF2pos>
    <ExpTime>0.1</ExpTime>
    <Slit>0.1</Slit>
  </PendingTask>
  <PendingTask>
    <temperature>50</temperature>
    <NDF1pos>1</NDF1pos>
    <NDF2pos>2</NDF2pos>
    <ExpTime>0.1</ExpTime>
    <Slit>0.1</Slit>
  </PendingTask>
  <PendingTask>
    <temperature>50</temperature>
    <NDF1pos>1</NDF1pos>
    <NDF2pos>3</NDF2pos>
    <ExpTime>0.1</ExpTime>
    <Slit>0.1</Slit>
  </PendingTask>
  <PendingTask>
    <temperature>50</temperature>
    <NDF1pos>1</NDF1pos>
    <NDF2pos>4</NDF2pos>
    <ExpTime>0.1</ExpTime>
    <Slit>0.1</Slit>
  </PendingTask>
  <PendingTask>
    <temperature>50</temperature>
    <NDF1pos>1</NDF1pos>
    <NDF2pos>5</NDF2pos>
    <ExpTime>0.1</ExpTime>
    <Slit>0.1</Slit>
  </PendingTask>
  <PendingTask>
    <temperature>50</temperature>
    <NDF1pos>1</NDF1pos>
    <NDF2pos>6</NDF2pos>
    <ExpTime>0.1</ExpTime>
    <Slit>0.1</Slit>
  </PendingTask>
  <PendingTask>
    <temperature>150</temperature>
    <NDF1pos>1</NDF1pos>
    <NDF2pos>1</NDF2pos>
    <ExpTime>0.1</ExpTime>
    <Slit>0.1</Slit>
  </PendingTask>
  <PendingTask>
    <temperature>150</temperature>
    <NDF1pos>1</NDF1pos>
    <NDF2pos>2</NDF2pos>
    <ExpTime>0.1</ExpTime>
    <Slit>0.1</Slit>
  </PendingTask>
  <PendingTask>
    <temperature>150</temperature>
    <NDF1pos>1</NDF1pos>
    <NDF2pos>3</NDF2pos>
    <ExpTime>0.1</ExpTime>
    <Slit>0.1</Slit>
  </PendingTask>
  <PendingTask>
    <temperature>150</temperature>
    <NDF1pos>1</NDF1pos>
    <NDF2pos>4</NDF2pos>
    <ExpTime>0.1</ExpTime>
    <Slit>0.1</Slit>
  </PendingTask>
  <PendingTask>
    <temperature>150</temperature>
    <NDF1pos>1</NDF1pos>
    <NDF2pos>5</NDF2pos>
    <ExpTime>0.1</ExpTime>
    <Slit>0.1</Slit>
  </PendingTask>
  <PendingTask>
    <temperature>150</temperature>
    <NDF1pos>1</NDF1pos>
    <NDF2pos>6</NDF2pos>
    <ExpTime>0.1</ExpTime>
    <Slit>0.1</Slit>
  </PendingTask>
  <PendingTask>
    <temperature>300</temperature>
    <NDF1pos>1</NDF1pos>
    <NDF2pos>1</NDF2pos>
    <ExpTime>0.1</ExpTime>
    <Slit>0.1</Slit>
  </PendingTask>
  <PendingTask>
    <temperature>300</temperature>
    <NDF1pos>1</NDF1pos>
    <NDF2pos>2</NDF2pos>
    <ExpTime>0.1</ExpTime>
    <Slit>0.1</Slit>
  </PendingTask>
  <PendingTask>
    <temperature>300</temperature>
    <NDF1pos>1</NDF1pos>
    <NDF2pos>3</NDF2pos>
    <ExpTime>0.1</ExpTime>
    <Slit>0.1</Slit>
  </PendingTask>
  <PendingTask>
    <temperature>300</temperature>
    <NDF1pos>1</NDF1pos>
    <NDF2pos>4</NDF2pos>
    <ExpTime>0.1</ExpTime>
    <Slit>0.1</Slit>
  </PendingTask>
  <PendingTask>
    <temperature>300</temperature>
    <NDF1pos>1</NDF1pos>
    <NDF2pos>5</NDF2pos>
    <ExpTime>0.1</ExpTime>
    <Slit>0.1</Slit>
  </PendingTask>
  <PendingTask>
    <temperature>300</temperature>
    <NDF1pos>1</NDF1pos>
    <NDF2pos>6</NDF2pos>
    <ExpTime>0.1</ExpTime>
    <Slit>0.1</Slit>
  </PendingTask>
</DocumentElement>